[2021-05-21 10:27:44][trigger][error]:[Uncaught Swoole\Exception: failed to listen server port[0.0.0.0:9501], Error: Address already in use[98] in /home/wwwroot/purchase_dev/appdal/vendor/easyswoole/easyswoole/src/ServerManager.php:58
Stack trace:
#0 /home/wwwroot/purchase_dev/appdal/vendor/easyswoole/easyswoole/src/ServerManager.php(58): Swoole\Server->__construct()
#1 /home/wwwroot/purchase_dev/appdal/vendor/easyswoole/easyswoole/src/Core.php(104): EasySwoole\EasySwoole\ServerManager->createSwooleServer()
#2 /home/wwwroot/purchase_dev/appdal/vendor/easyswoole/easyswoole/src/Command/DefaultCommand/Server.php(112): EasySwoole\EasySwoole\Core->createServer()
#3 /home/wwwroot/purchase_dev/appdal/vendor/easyswoole/easyswoole/src/Command/DefaultCommand/Server.php(52): EasySwoole\EasySwoole\Command\DefaultCommand\Server->start()
#4 /home/wwwroot/purchase_dev/appdal/vendor/easyswoole/command/src/CommandManager.php(101): EasySwoole\EasySwoole\Command\DefaultCommand\Server->exec()
#5 /home/wwwroot/purchase_dev/appdal/vendor/easyswoole/easyswoole/src/Comma at file:/home/wwwroot/purchase_dev/appdal/vendor/easyswoole/easyswoole/src/ServerManager.php line:58]
[2021-05-22 16:44:03][trigger][notice]:[Array to string conversion at file:/home/wwwroot/purchase_dev/appdal/vendor/easyswoole/code-generation/src/ControllerGeneration/Method/MethodAbstract.php line:124]
[2021-05-22 16:44:03][trigger][notice]:[Array to string conversion at file:/home/wwwroot/purchase_dev/appdal/vendor/easyswoole/code-generation/src/ControllerGeneration/Method/MethodAbstract.php line:124]
[2021-05-22 16:44:03][trigger][notice]:[Array to string conversion at file:/home/wwwroot/purchase_dev/appdal/vendor/easyswoole/code-generation/src/ControllerGeneration/Method/MethodAbstract.php line:124]
[2021-05-22 16:44:03][trigger][notice]:[Array to string conversion at file:/home/wwwroot/purchase_dev/appdal/vendor/easyswoole/code-generation/src/ControllerGeneration/Method/MethodAbstract.php line:124]
[2021-05-22 16:44:03][trigger][notice]:[Array to string conversion at file:/home/wwwroot/purchase_dev/appdal/vendor/easyswoole/code-generation/src/ControllerGeneration/Method/MethodAbstract.php line:124]
[2021-05-22 16:44:03][trigger][notice]:[Array to string conversion at file:/home/wwwroot/purchase_dev/appdal/vendor/easyswoole/code-generation/src/ControllerGeneration/Method/MethodAbstract.php line:124]
[2021-05-22 16:44:03][trigger][notice]:[Array to string conversion at file:/home/wwwroot/purchase_dev/appdal/vendor/easyswoole/code-generation/src/ControllerGeneration/Method/MethodAbstract.php line:124]
[2021-05-22 16:44:03][trigger][notice]:[Array to string conversion at file:/home/wwwroot/purchase_dev/appdal/vendor/easyswoole/code-generation/src/ControllerGeneration/Method/MethodAbstract.php line:124]
[2021-05-22 16:44:03][trigger][notice]:[Array to string conversion at file:/home/wwwroot/purchase_dev/appdal/vendor/easyswoole/code-generation/src/ControllerGeneration/Method/MethodAbstract.php line:124]
[2021-05-22 16:44:03][trigger][notice]:[Array to string conversion at file:/home/wwwroot/purchase_dev/appdal/vendor/easyswoole/code-generation/src/ControllerGeneration/Method/MethodAbstract.php line:124]
[2021-05-22 16:44:03][trigger][notice]:[Array to string conversion at file:/home/wwwroot/purchase_dev/appdal/vendor/easyswoole/code-generation/src/ControllerGeneration/Method/MethodAbstract.php line:124]
[2021-05-22 16:44:03][trigger][notice]:[Array to string conversion at file:/home/wwwroot/purchase_dev/appdal/vendor/easyswoole/code-generation/src/ControllerGeneration/Method/MethodAbstract.php line:124]
[2021-05-22 16:44:03][trigger][notice]:[Array to string conversion at file:/home/wwwroot/purchase_dev/appdal/vendor/easyswoole/code-generation/src/ControllerGeneration/Method/MethodAbstract.php line:124]
[2021-05-22 16:44:03][trigger][notice]:[Array to string conversion at file:/home/wwwroot/purchase_dev/appdal/vendor/easyswoole/code-generation/src/ControllerGeneration/Method/MethodAbstract.php line:124]
[2021-05-22 16:44:03][trigger][notice]:[Array to string conversion at file:/home/wwwroot/purchase_dev/appdal/vendor/easyswoole/code-generation/src/ControllerGeneration/Method/MethodAbstract.php line:124]
[2021-05-22 16:44:03][trigger][notice]:[Array to string conversion at file:/home/wwwroot/purchase_dev/appdal/vendor/easyswoole/code-generation/src/ControllerGeneration/Method/MethodAbstract.php line:124]
[2021-05-22 16:44:03][trigger][notice]:[Array to string conversion at file:/home/wwwroot/purchase_dev/appdal/vendor/easyswoole/code-generation/src/ControllerGeneration/Method/MethodAbstract.php line:124]
[2021-05-22 16:44:03][trigger][notice]:[Array to string conversion at file:/home/wwwroot/purchase_dev/appdal/vendor/easyswoole/code-generation/src/ControllerGeneration/Method/MethodAbstract.php line:124]
[2021-05-22 16:44:03][trigger][notice]:[Array to string conversion at file:/home/wwwroot/purchase_dev/appdal/vendor/easyswoole/code-generation/src/ControllerGeneration/Method/MethodAbstract.php line:124]
[2021-05-22 16:44:03][trigger][notice]:[Array to string conversion at file:/home/wwwroot/purchase_dev/appdal/vendor/easyswoole/code-generation/src/ControllerGeneration/Method/MethodAbstract.php line:124]
[2021-05-22 16:44:03][trigger][notice]:[Array to string conversion at file:/home/wwwroot/purchase_dev/appdal/vendor/easyswoole/code-generation/src/ControllerGeneration/Method/MethodAbstract.php line:124]
[2021-05-22 16:44:03][trigger][notice]:[Array to string conversion at file:/home/wwwroot/purchase_dev/appdal/vendor/easyswoole/code-generation/src/ControllerGeneration/Method/MethodAbstract.php line:124]
[2021-05-22 16:44:03][trigger][notice]:[Array to string conversion at file:/home/wwwroot/purchase_dev/appdal/vendor/easyswoole/code-generation/src/ControllerGeneration/Method/MethodAbstract.php line:124]
[2021-05-22 16:44:03][trigger][notice]:[Array to string conversion at file:/home/wwwroot/purchase_dev/appdal/vendor/easyswoole/code-generation/src/ControllerGeneration/Method/MethodAbstract.php line:124]
[2021-05-22 16:44:03][trigger][notice]:[Array to string conversion at file:/home/wwwroot/purchase_dev/appdal/vendor/easyswoole/code-generation/src/ControllerGeneration/Method/MethodAbstract.php line:124]
[2021-05-22 16:44:03][trigger][notice]:[Array to string conversion at file:/home/wwwroot/purchase_dev/appdal/vendor/easyswoole/code-generation/src/ControllerGeneration/Method/MethodAbstract.php line:124]
[2021-05-22 16:44:03][trigger][notice]:[Array to string conversion at file:/home/wwwroot/purchase_dev/appdal/vendor/easyswoole/code-generation/src/ControllerGeneration/Method/MethodAbstract.php line:124]
[2021-05-22 16:44:03][trigger][notice]:[Array to string conversion at file:/home/wwwroot/purchase_dev/appdal/vendor/easyswoole/code-generation/src/ControllerGeneration/Method/MethodAbstract.php line:124]
[2021-05-22 16:44:03][trigger][notice]:[Array to string conversion at file:/home/wwwroot/purchase_dev/appdal/vendor/easyswoole/code-generation/src/ControllerGeneration/Method/MethodAbstract.php line:124]
[2021-05-22 16:44:03][trigger][notice]:[Array to string conversion at file:/home/wwwroot/purchase_dev/appdal/vendor/easyswoole/code-generation/src/ControllerGeneration/Method/MethodAbstract.php line:124]
[2021-05-22 16:44:03][trigger][notice]:[Array to string conversion at file:/home/wwwroot/purchase_dev/appdal/vendor/easyswoole/code-generation/src/ControllerGeneration/Method/MethodAbstract.php line:124]
[2021-05-22 16:44:03][trigger][notice]:[Array to string conversion at file:/home/wwwroot/purchase_dev/appdal/vendor/easyswoole/code-generation/src/ControllerGeneration/Method/MethodAbstract.php line:124]
[2021-05-22 16:44:03][trigger][notice]:[Array to string conversion at file:/home/wwwroot/purchase_dev/appdal/vendor/easyswoole/code-generation/src/ControllerGeneration/Method/MethodAbstract.php line:124]
[2021-05-22 16:44:03][trigger][notice]:[Array to string conversion at file:/home/wwwroot/purchase_dev/appdal/vendor/easyswoole/code-generation/src/ControllerGeneration/Method/MethodAbstract.php line:124]
[2021-05-22 16:44:03][trigger][notice]:[Array to string conversion at file:/home/wwwroot/purchase_dev/appdal/vendor/easyswoole/code-generation/src/ControllerGeneration/Method/MethodAbstract.php line:124]
[2021-05-22 16:44:03][trigger][notice]:[Array to string conversion at file:/home/wwwroot/purchase_dev/appdal/vendor/easyswoole/code-generation/src/ControllerGeneration/Method/MethodAbstract.php line:124]
